<?xml version="1.0" encoding="UTF-8"?>
<!-- Generated by org.testng.reporters.JUnitXMLReporter -->
<testsuite ignored="0" hostname="Lightshow" failures="0" tests="3" name="Test" time="0.095" errors="0" timestamp="2025-07-09T18:05:39 BST">
  <testcase classname="publicPage.LoggingInTests" name="@BeforeMethod testInit" time="0.047">
    <failure type="java.lang.NoClassDefFoundError" message="org/openqa/selenium/devtools/HasDevTools">
      <![CDATA[java.lang.NoClassDefFoundError: org/openqa/selenium/devtools/HasDevTools
at java.base/java.lang.ClassLoader.defineClass1(Native Method)
at java.base/java.lang.ClassLoader.defineClass(ClassLoader.java:1023)
at java.base/java.security.SecureClassLoader.defineClass(SecureClassLoader.java:150)
at java.base/jdk.internal.loader.BuiltinClassLoader.defineClass(BuiltinClassLoader.java:862)
at java.base/jdk.internal.loader.BuiltinClassLoader.findClassOnClassPathOrNull(BuiltinClassLoader.java:760)
at java.base/jdk.internal.loader.BuiltinClassLoader.loadClassOrNull(BuiltinClassLoader.java:681)
at java.base/jdk.internal.loader.BuiltinClassLoader.loadClass(BuiltinClassLoader.java:639)
at java.base/jdk.internal.loader.ClassLoaders$AppClassLoader.loadClass(ClassLoaders.java:188)
at java.base/java.lang.ClassLoader.loadClass(ClassLoader.java:525)
at java.base/java.lang.ClassLoader.defineClass1(Native Method)
at java.base/java.lang.ClassLoader.defineClass(ClassLoader.java:1023)
at java.base/java.security.SecureClassLoader.defineClass(SecureClassLoader.java:150)
at java.base/jdk.internal.loader.BuiltinClassLoader.defineClass(BuiltinClassLoader.java:862)
at java.base/jdk.internal.loader.BuiltinClassLoader.findClassOnClassPathOrNull(BuiltinClassLoader.java:760)
at java.base/jdk.internal.loader.BuiltinClassLoader.loadClassOrNull(BuiltinClassLoader.java:681)
at java.base/jdk.internal.loader.BuiltinClassLoader.loadClass(BuiltinClassLoader.java:639)
at java.base/jdk.internal.loader.ClassLoaders$AppClassLoader.loadClass(ClassLoaders.java:188)
at java.base/java.lang.ClassLoader.loadClass(ClassLoader.java:525)
at core.WebCoreDriver.start(WebCoreDriver.java:53)
at core.LoggingDriver.start(LoggingDriver.java:30)
at publicPage.LoggingInTests.testInit(LoggingInTests.java:35)
at java.base/java.util.ArrayList.forEach(ArrayList.java:1597)
Caused by: java.lang.ClassNotFoundException: org.openqa.selenium.devtools.HasDevTools
at java.base/jdk.internal.loader.BuiltinClassLoader.loadClass(BuiltinClassLoader.java:641)
at java.base/jdk.internal.loader.ClassLoaders$AppClassLoader.loadClass(ClassLoaders.java:188)
at java.base/java.lang.ClassLoader.loadClass(ClassLoader.java:525)
... 51 more
... Removed 29 stack frames]]>
    </failure>
  </testcase> <!-- @BeforeMethod testInit -->
  <testcase classname="publicPage.LoggingInTests" name="@AfterMethod testCleanup" time="-1.752080739679E9">
    <skipped/>
  </testcase> <!-- @AfterMethod testCleanup -->
  <testcase classname="publicPage.LoggingInTests" name="@BeforeMethod testInit" time="-1.75208073968E9">
    <skipped/>
  </testcase> <!-- @BeforeMethod testInit -->
  <testcase classname="publicPage.LoggingInTests" name="@AfterMethod testCleanup" time="-1.752080739682E9">
    <skipped/>
  </testcase> <!-- @AfterMethod testCleanup -->
  <testcase classname="publicPage.BookingTests" name="@BeforeMethod testInit" time="0.001">
    <failure type="java.lang.NoClassDefFoundError" message="org/openqa/selenium/devtools/HasDevTools">
      <![CDATA[java.lang.NoClassDefFoundError: org/openqa/selenium/devtools/HasDevTools
at core.WebCoreDriver.start(WebCoreDriver.java:53)
at core.LoggingDriver.start(LoggingDriver.java:30)
at publicPage.BookingTests.testInit(BookingTests.java:35)
at java.base/java.util.ArrayList.forEach(ArrayList.java:1597)
Caused by: java.lang.ClassNotFoundException: org.openqa.selenium.devtools.HasDevTools
... 33 more
... Removed 29 stack frames]]>
    </failure>
  </testcase> <!-- @BeforeMethod testInit -->
  <testcase classname="publicPage.BookingTests" name="@AfterMethod testCleanup" time="-1.752080739688E9">
    <skipped/>
  </testcase> <!-- @AfterMethod testCleanup -->
  <testcase classname="publicPage.LoggingInTests" name="navigateToLoginPage" time="0.0">
    <skipped/>
  </testcase> <!-- navigateToLoginPage -->
  <testcase classname="publicPage.LoggingInTests" name="navigateToLoginPage" time="0.0">
    <skipped/>
  </testcase> <!-- navigateToLoginPage -->
  <testcase classname="publicPage.BookingTests" name="makeABooking" time="0.0">
    <skipped/>
  </testcase> <!-- makeABooking -->
</testsuite> <!-- Test -->
